{"name": "Employee name details", "status": "broken", "statusDetails": {"message": "selenium.common.exceptions.NoSuchElementException: Message: no such element: Unable to locate element: {\"method\":\"xpath\",\"selector\":\"//button[contains(text(),'Search')]\"}\n  (Session info: chrome=130.0.6723.58); For documentation on this error, please visit: https://www.selenium.dev/documentation/webdriver/troubleshooting/errors#no-such-element-exception\nStacktrace:\n\tGetHandleVerifier [0x00007FF6EDA33AB5+28005]\n\t(No symbol) [0x00007FF6ED9983B0]\n\t(No symbol) [0x00007FF6ED83580A]\n\t(No symbol) [0x00007FF6ED885A3E]\n\t(No symbol) [0x00007FF6ED885D2C]\n\t(No symbol) [0x00007FF6ED8CEA97]\n\t(No symbol) [0x00007FF6ED8ABA7F]\n\t(No symbol) [0x00007FF6ED8CB8B3]\n\t(No symbol) [0x00007FF6ED8AB7E3]\n\t(No symbol) [0x00007FF6ED8775C8]\n\t(No symbol) [0x00007FF6ED878731]\n\tGetHandleVerifier [0x00007FF6EDD2643D+3118829]\n\tGetHandleVerifier [0x00007FF6EDD76C90+3448640]\n\tGetHandleVerifier [0x00007FF6EDD6CF0D+3408317]\n\tGetHandleVerifier [0x00007FF6EDAFA40B+841403]\n\t(No symbol) [0x00007FF6ED9A340F]\n\t(No symbol) [0x00007FF6ED99F484]\n\t(No symbol) [0x00007FF6ED99F61D]\n\t(No symbol) [0x00007FF6ED98EB79]\n\tBaseThreadInitThunk [0x00007FF990BA6FD4+20]\n\tRtlUserThreadStart [0x00007FF99121CF31+33]\n\n", "trace": "  File \"C:\\Python_Selenium\\Selenium\\BDD_Framework\\.venv\\Lib\\site-packages\\behave\\model.py\", line 1909, in run\n    match.run(runner.context)\n  File \"C:\\Python_Selenium\\Selenium\\BDD_Framework\\.venv\\Lib\\site-packages\\behave\\matchers.py\", line 104, in run\n    self.func(context, *args, **kwargs)\n  File \"features\\steps\\Emp_details.py\", line 38, in automate\n    context.driver.find_element('xpath',\"//button[contains(text(),'Search')]\").click()\n    ^^^^^^^^^^^^^^^^^^^^^^^^^^^^^^^^^^^^^^^^^^^^^^^^^^^^^^^^^^^^^^^^^^^^^^^^^^\n  File \"C:\\Python_Selenium\\Selenium\\BDD_Framework\\.venv\\Lib\\site-packages\\selenium\\webdriver\\remote\\webdriver.py\", line 748, in find_element\n    return self.execute(Command.FIND_ELEMENT, {\"using\": by, \"value\": value})[\"value\"]\n           ^^^^^^^^^^^^^^^^^^^^^^^^^^^^^^^^^^^^^^^^^^^^^^^^^^^^^^^^^^^^^^^^^\n  File \"C:\\Python_Selenium\\Selenium\\BDD_Framework\\.venv\\Lib\\site-packages\\selenium\\webdriver\\remote\\webdriver.py\", line 354, in execute\n    self.error_handler.check_response(response)\n  File \"C:\\Python_Selenium\\Selenium\\BDD_Framework\\.venv\\Lib\\site-packages\\selenium\\webdriver\\remote\\errorhandler.py\", line 229, in check_response\n    raise exception_class(message, screen, stacktrace)\n"}, "steps": [{"name": "Given launch", "status": "passed", "start": 1729664704960, "stop": 1729664707195}, {"name": "When open webpage", "status": "passed", "start": 1729664707202, "stop": 1729664713265}, {"name": "Then Enter Employee records", "status": "broken", "statusDetails": {"message": "selenium.common.exceptions.NoSuchElementException: Message: no such element: Unable to locate element: {\"method\":\"xpath\",\"selector\":\"//button[contains(text(),'Search')]\"}\n  (Session info: chrome=130.0.6723.58); For documentation on this error, please visit: https://www.selenium.dev/documentation/webdriver/troubleshooting/errors#no-such-element-exception\nStacktrace:\n\tGetHandleVerifier [0x00007FF6EDA33AB5+28005]\n\t(No symbol) [0x00007FF6ED9983B0]\n\t(No symbol) [0x00007FF6ED83580A]\n\t(No symbol) [0x00007FF6ED885A3E]\n\t(No symbol) [0x00007FF6ED885D2C]\n\t(No symbol) [0x00007FF6ED8CEA97]\n\t(No symbol) [0x00007FF6ED8ABA7F]\n\t(No symbol) [0x00007FF6ED8CB8B3]\n\t(No symbol) [0x00007FF6ED8AB7E3]\n\t(No symbol) [0x00007FF6ED8775C8]\n\t(No symbol) [0x00007FF6ED878731]\n\tGetHandleVerifier [0x00007FF6EDD2643D+3118829]\n\tGetHandleVerifier [0x00007FF6EDD76C90+3448640]\n\tGetHandleVerifier [0x00007FF6EDD6CF0D+3408317]\n\tGetHandleVerifier [0x00007FF6EDAFA40B+841403]\n\t(No symbol) [0x00007FF6ED9A340F]\n\t(No symbol) [0x00007FF6ED99F484]\n\t(No symbol) [0x00007FF6ED99F61D]\n\t(No symbol) [0x00007FF6ED98EB79]\n\tBaseThreadInitThunk [0x00007FF990BA6FD4+20]\n\tRtlUserThreadStart [0x00007FF99121CF31+33]\n\n", "trace": "  File \"C:\\Python_Selenium\\Selenium\\BDD_Framework\\.venv\\Lib\\site-packages\\behave\\model.py\", line 1909, in run\n    match.run(runner.context)\n  File \"C:\\Python_Selenium\\Selenium\\BDD_Framework\\.venv\\Lib\\site-packages\\behave\\matchers.py\", line 104, in run\n    self.func(context, *args, **kwargs)\n  File \"features\\steps\\Emp_details.py\", line 38, in automate\n    context.driver.find_element('xpath',\"//button[contains(text(),'Search')]\").click()\n    ^^^^^^^^^^^^^^^^^^^^^^^^^^^^^^^^^^^^^^^^^^^^^^^^^^^^^^^^^^^^^^^^^^^^^^^^^^\n  File \"C:\\Python_Selenium\\Selenium\\BDD_Framework\\.venv\\Lib\\site-packages\\selenium\\webdriver\\remote\\webdriver.py\", line 748, in find_element\n    return self.execute(Command.FIND_ELEMENT, {\"using\": by, \"value\": value})[\"value\"]\n           ^^^^^^^^^^^^^^^^^^^^^^^^^^^^^^^^^^^^^^^^^^^^^^^^^^^^^^^^^^^^^^^^^\n  File \"C:\\Python_Selenium\\Selenium\\BDD_Framework\\.venv\\Lib\\site-packages\\selenium\\webdriver\\remote\\webdriver.py\", line 354, in execute\n    self.error_handler.check_response(response)\n  File \"C:\\Python_Selenium\\Selenium\\BDD_Framework\\.venv\\Lib\\site-packages\\selenium\\webdriver\\remote\\errorhandler.py\", line 229, in check_response\n    raise exception_class(message, screen, stacktrace)\n"}, "start": 1729664713265, "stop": 1729664733555}, {"name": "And close webpage", "status": "skipped", "start": 1729664733555, "stop": 1729664733555}], "start": 1729664704960, "stop": 1729664733555, "uuid": "462b2c9d-5707-4204-be7b-b050b4f7f6b4", "historyId": "abf8b10ccc4effa36948c3fd559c8509", "fullName": "Orange HRM Logo: Employee name details", "labels": [{"name": "severity", "value": "normal"}, {"name": "feature", "value": "Orange HRM Logo"}, {"name": "framework", "value": "behave"}, {"name": "language", "value": "cpython3"}]}