{"name": "Add product", "status": "broken", "statusDetails": {"message": "selenium.common.exceptions.ElementNotInteractableException: Message: element not interactable\n  (Session info: chrome=130.0.6723.71)\nStacktrace:\n\tGetHandleVerifier [0x00007FF78A143AF5+28005]\n\t(No symbol) [0x00007FF78A0A83F0]\n\t(No symbol) [0x00007FF789F45639]\n\t(No symbol) [0x00007FF789F8F5D4]\n\t(No symbol) [0x00007FF789F8D7D6]\n\t(No symbol) [0x00007FF789FBBA3A]\n\t(No symbol) [0x00007FF789F89246]\n\t(No symbol) [0x00007FF789FBBC50]\n\t(No symbol) [0x00007FF789FDB8B3]\n\t(No symbol) [0x00007FF789FBB7E3]\n\t(No symbol) [0x00007FF789F875C8]\n\t(No symbol) [0x00007FF789F88731]\n\tGetHandleVerifier [0x00007FF78A43646D+3118813]\n\tGetHandleVerifier [0x00007FF78A486CC0+3448624]\n\tGetHandleVerifier [0x00007FF78A47CF3D+3408301]\n\tGetHandleVerifier [0x00007FF78A20A44B+841403]\n\t(No symbol) [0x00007FF78A0B344F]\n\t(No symbol) [0x00007FF78A0AF4C4]\n\t(No symbol) [0x00007FF78A0AF65D]\n\t(No symbol) [0x00007FF78A09EBB9]\n\tBaseThreadInitThunk [0x00007FFDD249257D+29]\n\tRtlUserThreadStart [0x00007FFDD3A0AF08+40]\n\n", "trace": "  File \"C:\\Python_Selenium\\Selenium\\BDD_Framework\\.venv\\Lib\\site-packages\\behave\\model.py\", line 1909, in run\n    match.run(runner.context)\n  File \"C:\\Python_Selenium\\Selenium\\BDD_Framework\\.venv\\Lib\\site-packages\\behave\\matchers.py\", line 104, in run\n    self.func(context, *args, **kwargs)\n  File \"steps\\Addproduct.py\", line 48, in step_impl\n    '//div[@class=\"inline-block flex-1\"]//span[@class=\"flex flex-1 items-center gap-x-1 text-md font-extralight text-gray-700\"]').send_keys(\n                                                                                                                                  ^^^^^^^^^^\n  File \"C:\\Python_Selenium\\Selenium\\BDD_Framework\\.venv\\Lib\\site-packages\\selenium\\webdriver\\remote\\webelement.py\", line 231, in send_keys\n    self._execute(\n  File \"C:\\Python_Selenium\\Selenium\\BDD_Framework\\.venv\\Lib\\site-packages\\selenium\\webdriver\\remote\\webelement.py\", line 395, in _execute\n    return self._parent.execute(command, params)\n           ^^^^^^^^^^^^^^^^^^^^^^^^^^^^^^^^^^^^^\n  File \"C:\\Python_Selenium\\Selenium\\BDD_Framework\\.venv\\Lib\\site-packages\\selenium\\webdriver\\remote\\webdriver.py\", line 354, in execute\n    self.error_handler.check_response(response)\n  File \"C:\\Python_Selenium\\Selenium\\BDD_Framework\\.venv\\Lib\\site-packages\\selenium\\webdriver\\remote\\errorhandler.py\", line 229, in check_response\n    raise exception_class(message, screen, stacktrace)\n"}, "steps": [{"name": "Given launch browser", "status": "passed", "start": 1730443441417, "stop": 1730443451260}, {"name": "When open zepto", "status": "passed", "start": 1730443451260, "stop": 1730443457509}, {"name": "And Enter UN and PWD", "status": "passed", "start": 1730443457509, "stop": 1730443468911}, {"name": "Then Add product", "status": "broken", "statusDetails": {"message": "selenium.common.exceptions.ElementNotInteractableException: Message: element not interactable\n  (Session info: chrome=130.0.6723.71)\nStacktrace:\n\tGetHandleVerifier [0x00007FF78A143AF5+28005]\n\t(No symbol) [0x00007FF78A0A83F0]\n\t(No symbol) [0x00007FF789F45639]\n\t(No symbol) [0x00007FF789F8F5D4]\n\t(No symbol) [0x00007FF789F8D7D6]\n\t(No symbol) [0x00007FF789FBBA3A]\n\t(No symbol) [0x00007FF789F89246]\n\t(No symbol) [0x00007FF789FBBC50]\n\t(No symbol) [0x00007FF789FDB8B3]\n\t(No symbol) [0x00007FF789FBB7E3]\n\t(No symbol) [0x00007FF789F875C8]\n\t(No symbol) [0x00007FF789F88731]\n\tGetHandleVerifier [0x00007FF78A43646D+3118813]\n\tGetHandleVerifier [0x00007FF78A486CC0+3448624]\n\tGetHandleVerifier [0x00007FF78A47CF3D+3408301]\n\tGetHandleVerifier [0x00007FF78A20A44B+841403]\n\t(No symbol) [0x00007FF78A0B344F]\n\t(No symbol) [0x00007FF78A0AF4C4]\n\t(No symbol) [0x00007FF78A0AF65D]\n\t(No symbol) [0x00007FF78A09EBB9]\n\tBaseThreadInitThunk [0x00007FFDD249257D+29]\n\tRtlUserThreadStart [0x00007FFDD3A0AF08+40]\n\n", "trace": "  File \"C:\\Python_Selenium\\Selenium\\BDD_Framework\\.venv\\Lib\\site-packages\\behave\\model.py\", line 1909, in run\n    match.run(runner.context)\n  File \"C:\\Python_Selenium\\Selenium\\BDD_Framework\\.venv\\Lib\\site-packages\\behave\\matchers.py\", line 104, in run\n    self.func(context, *args, **kwargs)\n  File \"steps\\Addproduct.py\", line 48, in step_impl\n    '//div[@class=\"inline-block flex-1\"]//span[@class=\"flex flex-1 items-center gap-x-1 text-md font-extralight text-gray-700\"]').send_keys(\n                                                                                                                                  ^^^^^^^^^^\n  File \"C:\\Python_Selenium\\Selenium\\BDD_Framework\\.venv\\Lib\\site-packages\\selenium\\webdriver\\remote\\webelement.py\", line 231, in send_keys\n    self._execute(\n  File \"C:\\Python_Selenium\\Selenium\\BDD_Framework\\.venv\\Lib\\site-packages\\selenium\\webdriver\\remote\\webelement.py\", line 395, in _execute\n    return self._parent.execute(command, params)\n           ^^^^^^^^^^^^^^^^^^^^^^^^^^^^^^^^^^^^^\n  File \"C:\\Python_Selenium\\Selenium\\BDD_Framework\\.venv\\Lib\\site-packages\\selenium\\webdriver\\remote\\webdriver.py\", line 354, in execute\n    self.error_handler.check_response(response)\n  File \"C:\\Python_Selenium\\Selenium\\BDD_Framework\\.venv\\Lib\\site-packages\\selenium\\webdriver\\remote\\errorhandler.py\", line 229, in check_response\n    raise exception_class(message, screen, stacktrace)\n"}, "start": 1730443468911, "stop": 1730443469365}], "start": 1730443441401, "stop": 1730443469365, "uuid": "af0c3afb-ee43-4a65-9513-3a94b2513bd0", "historyId": "6b2cc8052c913260f8bcfa3cef36118b", "fullName": "Buying: Add product", "labels": [{"name": "severity", "value": "normal"}, {"name": "feature", "value": "Buying"}, {"name": "framework", "value": "behave"}, {"name": "language", "value": "cpython3"}]}