{"name": "Add product", "status": "broken", "statusDetails": {"message": "selenium.common.exceptions.ElementClickInterceptedException: Message: element click intercepted: Element <span data-testid=\"searchBar\">...</span> is not clickable at point (561, 42). Other element would receive the click: <div class=\"absolute inset-x-0 bottom-0 sm:static sm:flex sm:min-h-screen sm:items-center sm:justify-center top-0\" tabindex=\"-1\">...</div>\n  (Session info: chrome=130.0.6723.71)\nStacktrace:\n\tGetHandleVerifier [0x00007FF78A143AF5+28005]\n\t(No symbol) [0x00007FF78A0A83F0]\n\t(No symbol) [0x00007FF789F4580A]\n\t(No symbol) [0x00007FF789F9D6CE]\n\t(No symbol) [0x00007FF789F9B16C]\n\t(No symbol) [0x00007FF789F98628]\n\t(No symbol) [0x00007FF789F9785D]\n\t(No symbol) [0x00007FF789F8990E]\n\t(No symbol) [0x00007FF789FBBA3A]\n\t(No symbol) [0x00007FF789F89246]\n\t(No symbol) [0x00007FF789FBBC50]\n\t(No symbol) [0x00007FF789FDB8B3]\n\t(No symbol) [0x00007FF789FBB7E3]\n\t(No symbol) [0x00007FF789F875C8]\n\t(No symbol) [0x00007FF789F88731]\n\tGetHandleVerifier [0x00007FF78A43646D+3118813]\n\tGetHandleVerifier [0x00007FF78A486CC0+3448624]\n\tGetHandleVerifier [0x00007FF78A47CF3D+3408301]\n\tGetHandleVerifier [0x00007FF78A20A44B+841403]\n\t(No symbol) [0x00007FF78A0B344F]\n\t(No symbol) [0x00007FF78A0AF4C4]\n\t(No symbol) [0x00007FF78A0AF65D]\n\t(No symbol) [0x00007FF78A09EBB9]\n\tBaseThreadInitThunk [0x00007FFDD249257D+29]\n\tRtlUserThreadStart [0x00007FFDD3A0AF08+40]\n\n", "trace": "  File \"C:\\Python_Selenium\\Selenium\\BDD_Framework\\.venv\\Lib\\site-packages\\behave\\model.py\", line 1909, in run\n    match.run(runner.context)\n  File \"C:\\Python_Selenium\\Selenium\\BDD_Framework\\.venv\\Lib\\site-packages\\behave\\matchers.py\", line 104, in run\n    self.func(context, *args, **kwargs)\n  File \"steps\\Addproduct.py\", line 46, in step_impl\n    context.driver.find_element('xpath','//div[@class=\"inline-block flex-1\"]/a/span[@class=\"flex flex-1 items-center gap-x-1 text-md font-extralight text-gray-700\"]/span').click()\n  File \"C:\\Python_Selenium\\Selenium\\BDD_Framework\\.venv\\Lib\\site-packages\\selenium\\webdriver\\remote\\webelement.py\", line 94, in click\n    self._execute(Command.CLICK_ELEMENT)\n  File \"C:\\Python_Selenium\\Selenium\\BDD_Framework\\.venv\\Lib\\site-packages\\selenium\\webdriver\\remote\\webelement.py\", line 395, in _execute\n    return self._parent.execute(command, params)\n           ^^^^^^^^^^^^^^^^^^^^^^^^^^^^^^^^^^^^^\n  File \"C:\\Python_Selenium\\Selenium\\BDD_Framework\\.venv\\Lib\\site-packages\\selenium\\webdriver\\remote\\webdriver.py\", line 354, in execute\n    self.error_handler.check_response(response)\n  File \"C:\\Python_Selenium\\Selenium\\BDD_Framework\\.venv\\Lib\\site-packages\\selenium\\webdriver\\remote\\errorhandler.py\", line 229, in check_response\n    raise exception_class(message, screen, stacktrace)\n"}, "steps": [{"name": "Given launch browser", "status": "passed", "start": 1730443960597, "stop": 1730443964649}, {"name": "When open zepto", "status": "passed", "start": 1730443964649, "stop": 1730443967271}, {"name": "And Enter UN and PWD", "status": "passed", "start": 1730443967271, "stop": 1730443986944}, {"name": "Then Add product", "status": "broken", "statusDetails": {"message": "selenium.common.exceptions.ElementClickInterceptedException: Message: element click intercepted: Element <span data-testid=\"searchBar\">...</span> is not clickable at point (561, 42). Other element would receive the click: <div class=\"absolute inset-x-0 bottom-0 sm:static sm:flex sm:min-h-screen sm:items-center sm:justify-center top-0\" tabindex=\"-1\">...</div>\n  (Session info: chrome=130.0.6723.71)\nStacktrace:\n\tGetHandleVerifier [0x00007FF78A143AF5+28005]\n\t(No symbol) [0x00007FF78A0A83F0]\n\t(No symbol) [0x00007FF789F4580A]\n\t(No symbol) [0x00007FF789F9D6CE]\n\t(No symbol) [0x00007FF789F9B16C]\n\t(No symbol) [0x00007FF789F98628]\n\t(No symbol) [0x00007FF789F9785D]\n\t(No symbol) [0x00007FF789F8990E]\n\t(No symbol) [0x00007FF789FBBA3A]\n\t(No symbol) [0x00007FF789F89246]\n\t(No symbol) [0x00007FF789FBBC50]\n\t(No symbol) [0x00007FF789FDB8B3]\n\t(No symbol) [0x00007FF789FBB7E3]\n\t(No symbol) [0x00007FF789F875C8]\n\t(No symbol) [0x00007FF789F88731]\n\tGetHandleVerifier [0x00007FF78A43646D+3118813]\n\tGetHandleVerifier [0x00007FF78A486CC0+3448624]\n\tGetHandleVerifier [0x00007FF78A47CF3D+3408301]\n\tGetHandleVerifier [0x00007FF78A20A44B+841403]\n\t(No symbol) [0x00007FF78A0B344F]\n\t(No symbol) [0x00007FF78A0AF4C4]\n\t(No symbol) [0x00007FF78A0AF65D]\n\t(No symbol) [0x00007FF78A09EBB9]\n\tBaseThreadInitThunk [0x00007FFDD249257D+29]\n\tRtlUserThreadStart [0x00007FFDD3A0AF08+40]\n\n", "trace": "  File \"C:\\Python_Selenium\\Selenium\\BDD_Framework\\.venv\\Lib\\site-packages\\behave\\model.py\", line 1909, in run\n    match.run(runner.context)\n  File \"C:\\Python_Selenium\\Selenium\\BDD_Framework\\.venv\\Lib\\site-packages\\behave\\matchers.py\", line 104, in run\n    self.func(context, *args, **kwargs)\n  File \"steps\\Addproduct.py\", line 46, in step_impl\n    context.driver.find_element('xpath','//div[@class=\"inline-block flex-1\"]/a/span[@class=\"flex flex-1 items-center gap-x-1 text-md font-extralight text-gray-700\"]/span').click()\n  File \"C:\\Python_Selenium\\Selenium\\BDD_Framework\\.venv\\Lib\\site-packages\\selenium\\webdriver\\remote\\webelement.py\", line 94, in click\n    self._execute(Command.CLICK_ELEMENT)\n  File \"C:\\Python_Selenium\\Selenium\\BDD_Framework\\.venv\\Lib\\site-packages\\selenium\\webdriver\\remote\\webelement.py\", line 395, in _execute\n    return self._parent.execute(command, params)\n           ^^^^^^^^^^^^^^^^^^^^^^^^^^^^^^^^^^^^^\n  File \"C:\\Python_Selenium\\Selenium\\BDD_Framework\\.venv\\Lib\\site-packages\\selenium\\webdriver\\remote\\webdriver.py\", line 354, in execute\n    self.error_handler.check_response(response)\n  File \"C:\\Python_Selenium\\Selenium\\BDD_Framework\\.venv\\Lib\\site-packages\\selenium\\webdriver\\remote\\errorhandler.py\", line 229, in check_response\n    raise exception_class(message, screen, stacktrace)\n"}, "start": 1730443986944, "stop": 1730443988096}], "start": 1730443960597, "stop": 1730443988096, "uuid": "53814835-8aef-4824-96c5-62118e47f73a", "historyId": "6b2cc8052c913260f8bcfa3cef36118b", "fullName": "Buying: Add product", "labels": [{"name": "severity", "value": "normal"}, {"name": "feature", "value": "Buying"}, {"name": "framework", "value": "behave"}, {"name": "language", "value": "cpython3"}]}